<?xml version="1.0" encoding="UTF-8"?>
<testng-results skipped="0" failed="0" ignored="0" total="1" passed="1">
  <reporter-output>
  </reporter-output>
  <suite name="Suite" duration-ms="31500" started-at="2020-02-05T10:40:53Z" finished-at="2020-02-05T10:41:25Z">
    <groups>
    </groups>
    <test name="Test" duration-ms="31500" started-at="2020-02-05T10:40:53Z" finished-at="2020-02-05T10:41:25Z">
      <class name="testclass.Testnewaccount">
        <test-method status="PASS" signature="openapp()[pri:0, instance:testclass.Testnewaccount@1fc2b765]" name="openapp" is-config="true" duration-ms="19106" started-at="2020-02-05T10:40:53Z" finished-at="2020-02-05T10:41:12Z">
          <reporter-output>
          </reporter-output>
        </test-method> <!-- openapp -->
        <test-method status="PASS" signature="miku()[pri:0, instance:testclass.Testnewaccount@1fc2b765]" name="miku" duration-ms="12362" started-at="2020-02-05T10:41:12Z" finished-at="2020-02-05T10:41:25Z">
          <reporter-output>
          </reporter-output>
        </test-method> <!-- miku -->
        <test-method status="PASS" signature="closeapp()[pri:0, instance:testclass.Testnewaccount@1fc2b765]" name="closeapp" is-config="true" duration-ms="0" started-at="2020-02-05T10:41:25Z" finished-at="2020-02-05T10:41:25Z">
          <reporter-output>
          </reporter-output>
        </test-method> <!-- closeapp -->
      </class> <!-- testclass.Testnewaccount -->
    </test> <!-- Test -->
  </suite> <!-- Suite -->
</testng-results>
